  [1m[36m (3.7ms)[0m  [1mCREATE TABLE "schema_migrations" ("version" varchar(255) NOT NULL) [0m
  [1m[35m (16.0ms)[0m  CREATE UNIQUE INDEX "unique_schema_migrations" ON "schema_migrations" ("version")
  [1m[36mActiveRecord::SchemaMigration Load (0.1ms)[0m  [1mSELECT "schema_migrations".* FROM "schema_migrations"[0m


Started GET "/" for 201.75.161.53 at 2015-05-03 19:00:10 +0000
Processing by HomeController#index as HTML
  Rendered home/index.html.erb within layouts/application (1.4ms)
Completed 200 OK in 294ms (Views: 284.8ms | ActiveRecord: 0.0ms)


Started GET "/assets/application.css?body=1" for 201.75.161.53 at 2015-05-03 19:00:11 +0000


Started GET "/assets/home.css?body=1" for 201.75.161.53 at 2015-05-03 19:00:11 +0000


Started GET "/assets/sessions.css?body=1" for 201.75.161.53 at 2015-05-03 19:00:11 +0000


Started GET "/assets/jquery.js?body=1" for 201.75.161.53 at 2015-05-03 19:00:11 +0000


Started GET "/assets/jquery_ujs.js?body=1" for 201.75.161.53 at 2015-05-03 19:00:11 +0000


Started GET "/assets/home.js?body=1" for 201.75.161.53 at 2015-05-03 19:00:11 +0000


Started GET "/assets/sessions.js?body=1" for 201.75.161.53 at 2015-05-03 19:00:11 +0000


Started GET "/assets/application.js?body=1" for 201.75.161.53 at 2015-05-03 19:00:11 +0000


Started GET "/assets/rails.png" for 201.75.161.53 at 2015-05-03 19:00:11 +0000


Started GET "/auth" for 201.75.161.53 at 2015-05-03 19:00:24 +0000

ActionController::RoutingError (No route matches [GET] "/auth"):
  actionpack (4.0.2) lib/action_dispatch/middleware/debug_exceptions.rb:21:in `call'
  actionpack (4.0.2) lib/action_dispatch/middleware/show_exceptions.rb:30:in `call'
  railties (4.0.2) lib/rails/rack/logger.rb:38:in `call_app'
  railties (4.0.2) lib/rails/rack/logger.rb:20:in `block in call'
  activesupport (4.0.2) lib/active_support/tagged_logging.rb:67:in `block in tagged'
  activesupport (4.0.2) lib/active_support/tagged_logging.rb:25:in `tagged'
  activesupport (4.0.2) lib/active_support/tagged_logging.rb:67:in `tagged'
  railties (4.0.2) lib/rails/rack/logger.rb:20:in `call'
  actionpack (4.0.2) lib/action_dispatch/middleware/request_id.rb:21:in `call'
  rack (1.5.2) lib/rack/methodoverride.rb:21:in `call'
  rack (1.5.2) lib/rack/runtime.rb:17:in `call'
  activesupport (4.0.2) lib/active_support/cache/strategy/local_cache.rb:83:in `call'
  rack (1.5.2) lib/rack/lock.rb:17:in `call'
  actionpack (4.0.2) lib/action_dispatch/middleware/static.rb:64:in `call'
  rack (1.5.2) lib/rack/sendfile.rb:112:in `call'
  railties (4.0.2) lib/rails/engine.rb:511:in `call'
  railties (4.0.2) lib/rails/application.rb:97:in `call'
  rack (1.5.2) lib/rack/lock.rb:17:in `call'
  rack (1.5.2) lib/rack/content_length.rb:14:in `call'
  rack (1.5.2) lib/rack/handler/webrick.rb:60:in `service'
  /usr/local/rvm/rubies/ruby-2.1.3/lib/ruby/2.1.0/webrick/httpserver.rb:138:in `service'
  /usr/local/rvm/rubies/ruby-2.1.3/lib/ruby/2.1.0/webrick/httpserver.rb:94:in `run'
  /usr/local/rvm/rubies/ruby-2.1.3/lib/ruby/2.1.0/webrick/server.rb:295:in `block in start_thread'


  Rendered /usr/local/rvm/gems/ruby-2.1.3/gems/actionpack-4.0.2/lib/action_dispatch/middleware/templates/rescues/_trace.erb (1.5ms)
  Rendered /usr/local/rvm/gems/ruby-2.1.3/gems/actionpack-4.0.2/lib/action_dispatch/middleware/templates/routes/_route.html.erb (0.9ms)
  Rendered /usr/local/rvm/gems/ruby-2.1.3/gems/actionpack-4.0.2/lib/action_dispatch/middleware/templates/routes/_table.html.erb (5.9ms)
  Rendered /usr/local/rvm/gems/ruby-2.1.3/gems/actionpack-4.0.2/lib/action_dispatch/middleware/templates/rescues/routing_error.erb within rescues/layout (24.7ms)


Started GET "/" for 200.100.26.190 at 2015-05-03 19:00:25 +0000
Processing by HomeController#index as HTML
  Rendered home/index.html.erb within layouts/application (0.2ms)
Completed 200 OK in 14ms (Views: 11.9ms | ActiveRecord: 0.0ms)


Started GET "/assets/application.css?body=1" for 200.100.26.190 at 2015-05-03 19:00:25 +0000


Started GET "/assets/home.css?body=1" for 200.100.26.190 at 2015-05-03 19:00:25 +0000


Started GET "/assets/sessions.css?body=1" for 200.100.26.190 at 2015-05-03 19:00:26 +0000


Started GET "/assets/jquery.js?body=1" for 200.100.26.190 at 2015-05-03 19:00:26 +0000


Started GET "/assets/jquery_ujs.js?body=1" for 200.100.26.190 at 2015-05-03 19:00:26 +0000


Started GET "/assets/home.js?body=1" for 200.100.26.190 at 2015-05-03 19:00:26 +0000


Started GET "/assets/sessions.js?body=1" for 200.100.26.190 at 2015-05-03 19:00:26 +0000


Started GET "/assets/application.js?body=1" for 200.100.26.190 at 2015-05-03 19:00:26 +0000


Started GET "/assets/rails.png" for 200.100.26.190 at 2015-05-03 19:00:26 +0000


Started GET "/auth" for 201.75.161.53 at 2015-05-03 19:01:01 +0000

ActionController::RoutingError (No route matches [GET] "/auth"):
  actionpack (4.0.2) lib/action_dispatch/middleware/debug_exceptions.rb:21:in `call'
  actionpack (4.0.2) lib/action_dispatch/middleware/show_exceptions.rb:30:in `call'
  railties (4.0.2) lib/rails/rack/logger.rb:38:in `call_app'
  railties (4.0.2) lib/rails/rack/logger.rb:20:in `block in call'
  activesupport (4.0.2) lib/active_support/tagged_logging.rb:67:in `block in tagged'
  activesupport (4.0.2) lib/active_support/tagged_logging.rb:25:in `tagged'
  activesupport (4.0.2) lib/active_support/tagged_logging.rb:67:in `tagged'
  railties (4.0.2) lib/rails/rack/logger.rb:20:in `call'
  actionpack (4.0.2) lib/action_dispatch/middleware/request_id.rb:21:in `call'
  rack (1.5.2) lib/rack/methodoverride.rb:21:in `call'
  rack (1.5.2) lib/rack/runtime.rb:17:in `call'
  activesupport (4.0.2) lib/active_support/cache/strategy/local_cache.rb:83:in `call'
  rack (1.5.2) lib/rack/lock.rb:17:in `call'
  actionpack (4.0.2) lib/action_dispatch/middleware/static.rb:64:in `call'
  rack (1.5.2) lib/rack/sendfile.rb:112:in `call'
  railties (4.0.2) lib/rails/engine.rb:511:in `call'
  railties (4.0.2) lib/rails/application.rb:97:in `call'
  rack (1.5.2) lib/rack/lock.rb:17:in `call'
  rack (1.5.2) lib/rack/content_length.rb:14:in `call'
  rack (1.5.2) lib/rack/handler/webrick.rb:60:in `service'
  /usr/local/rvm/rubies/ruby-2.1.3/lib/ruby/2.1.0/webrick/httpserver.rb:138:in `service'
  /usr/local/rvm/rubies/ruby-2.1.3/lib/ruby/2.1.0/webrick/httpserver.rb:94:in `run'
  /usr/local/rvm/rubies/ruby-2.1.3/lib/ruby/2.1.0/webrick/server.rb:295:in `block in start_thread'


  Rendered /usr/local/rvm/gems/ruby-2.1.3/gems/actionpack-4.0.2/lib/action_dispatch/middleware/templates/rescues/_trace.erb (2.1ms)
  Rendered /usr/local/rvm/gems/ruby-2.1.3/gems/actionpack-4.0.2/lib/action_dispatch/middleware/templates/routes/_route.html.erb (0.9ms)
  Rendered /usr/local/rvm/gems/ruby-2.1.3/gems/actionpack-4.0.2/lib/action_dispatch/middleware/templates/routes/_table.html.erb (9.1ms)
  Rendered /usr/local/rvm/gems/ruby-2.1.3/gems/actionpack-4.0.2/lib/action_dispatch/middleware/templates/rescues/routing_error.erb within rescues/layout (29.3ms)


Started GET "/login" for 201.75.161.53 at 2015-05-03 19:01:05 +0000
Processing by SessionsController#new as HTML
  Rendered sessions/new.html.erb within layouts/application (0.7ms)
Completed 200 OK in 82ms (Views: 60.1ms | ActiveRecord: 0.0ms)


Started GET "/login" for 201.75.161.53 at 2015-05-03 19:01:12 +0000
Processing by SessionsController#new as HTML
  Rendered sessions/new.html.erb within layouts/application (0.2ms)
Completed 200 OK in 11ms (Views: 8.9ms | ActiveRecord: 0.0ms)


Started GET "/" for 201.75.161.53 at 2015-05-03 19:03:39 +0000
Processing by HomeController#index as HTML
  Rendered home/index.html.erb within layouts/application (2.9ms)
Completed 200 OK in 22ms (Views: 18.2ms | ActiveRecord: 0.0ms)


Started GET "/assets/sessions.css?body=1" for 201.75.161.53 at 2015-05-03 19:03:39 +0000


Started GET "/assets/rails.png" for 201.75.161.53 at 2015-05-03 19:03:39 +0000


Started GET "/assets/sessions.js?body=1" for 201.75.161.53 at 2015-05-03 19:03:39 +0000


Started GET "/" for 201.75.161.53 at 2015-05-03 19:04:01 +0000
Processing by HomeController#index as HTML
  Rendered home/index.html.erb within layouts/application (0.3ms)
Completed 200 OK in 12ms (Views: 10.4ms | ActiveRecord: 0.0ms)


Started GET "/assets/sessions.css?body=1" for 201.75.161.53 at 2015-05-03 19:04:01 +0000


Started GET "/assets/sessions.js?body=1" for 201.75.161.53 at 2015-05-03 19:04:01 +0000


Started GET "/assets/jquery.js?body=1" for 201.75.161.53 at 2015-05-03 19:04:01 +0000


Started GET "/assets/rails.png" for 201.75.161.53 at 2015-05-03 19:04:01 +0000


Started GET "/" for 177.143.140.83 at 2015-05-03 19:04:07 +0000
Processing by HomeController#index as HTML
  Rendered home/index.html.erb within layouts/application (0.4ms)
Completed 200 OK in 16ms (Views: 13.7ms | ActiveRecord: 0.0ms)


Started GET "/assets/application.css?body=1" for 177.143.140.83 at 2015-05-03 19:04:07 +0000


Started GET "/assets/home.css?body=1" for 177.143.140.83 at 2015-05-03 19:04:07 +0000


Started GET "/assets/sessions.css?body=1" for 177.143.140.83 at 2015-05-03 19:04:08 +0000


Started GET "/assets/jquery.js?body=1" for 177.143.140.83 at 2015-05-03 19:04:08 +0000


Started GET "/assets/jquery_ujs.js?body=1" for 177.143.140.83 at 2015-05-03 19:04:08 +0000


Started GET "/assets/home.js?body=1" for 177.143.140.83 at 2015-05-03 19:04:08 +0000


Started GET "/assets/sessions.js?body=1" for 177.143.140.83 at 2015-05-03 19:04:08 +0000


Started GET "/assets/application.js?body=1" for 177.143.140.83 at 2015-05-03 19:04:08 +0000


Started GET "/assets/rails.png" for 177.143.140.83 at 2015-05-03 19:04:08 +0000


Started GET "/" for 177.143.140.83 at 2015-05-03 19:04:22 +0000
Processing by HomeController#index as HTML
  Rendered home/index.html.erb within layouts/application (0.2ms)
Completed 200 OK in 6ms (Views: 5.2ms | ActiveRecord: 0.0ms)


Started GET "/home/rails" for 177.143.140.83 at 2015-05-03 19:04:32 +0000

ActionController::RoutingError (No route matches [GET] "/home/rails"):
  actionpack (4.0.2) lib/action_dispatch/middleware/debug_exceptions.rb:21:in `call'
  actionpack (4.0.2) lib/action_dispatch/middleware/show_exceptions.rb:30:in `call'
  railties (4.0.2) lib/rails/rack/logger.rb:38:in `call_app'
  railties (4.0.2) lib/rails/rack/logger.rb:20:in `block in call'
  activesupport (4.0.2) lib/active_support/tagged_logging.rb:67:in `block in tagged'
  activesupport (4.0.2) lib/active_support/tagged_logging.rb:25:in `tagged'
  activesupport (4.0.2) lib/active_support/tagged_logging.rb:67:in `tagged'
  railties (4.0.2) lib/rails/rack/logger.rb:20:in `call'
  actionpack (4.0.2) lib/action_dispatch/middleware/request_id.rb:21:in `call'
  rack (1.5.2) lib/rack/methodoverride.rb:21:in `call'
  rack (1.5.2) lib/rack/runtime.rb:17:in `call'
  activesupport (4.0.2) lib/active_support/cache/strategy/local_cache.rb:83:in `call'
  rack (1.5.2) lib/rack/lock.rb:17:in `call'
  actionpack (4.0.2) lib/action_dispatch/middleware/static.rb:64:in `call'
  rack (1.5.2) lib/rack/sendfile.rb:112:in `call'
  railties (4.0.2) lib/rails/engine.rb:511:in `call'
  railties (4.0.2) lib/rails/application.rb:97:in `call'
  rack (1.5.2) lib/rack/lock.rb:17:in `call'
  rack (1.5.2) lib/rack/content_length.rb:14:in `call'
  rack (1.5.2) lib/rack/handler/webrick.rb:60:in `service'
  /usr/local/rvm/rubies/ruby-2.1.3/lib/ruby/2.1.0/webrick/httpserver.rb:138:in `service'
  /usr/local/rvm/rubies/ruby-2.1.3/lib/ruby/2.1.0/webrick/httpserver.rb:94:in `run'
  /usr/local/rvm/rubies/ruby-2.1.3/lib/ruby/2.1.0/webrick/server.rb:295:in `block in start_thread'


  Rendered /usr/local/rvm/gems/ruby-2.1.3/gems/actionpack-4.0.2/lib/action_dispatch/middleware/templates/rescues/_trace.erb (3.1ms)
  Rendered /usr/local/rvm/gems/ruby-2.1.3/gems/actionpack-4.0.2/lib/action_dispatch/middleware/templates/routes/_route.html.erb (1.9ms)
  Rendered /usr/local/rvm/gems/ruby-2.1.3/gems/actionpack-4.0.2/lib/action_dispatch/middleware/templates/routes/_table.html.erb (2.9ms)
  Rendered /usr/local/rvm/gems/ruby-2.1.3/gems/actionpack-4.0.2/lib/action_dispatch/middleware/templates/rescues/routing_error.erb within rescues/layout (34.0ms)
  [1m[36mActiveRecord::SchemaMigration Load (0.6ms)[0m  [1mSELECT "schema_migrations".* FROM "schema_migrations"[0m
Migrating to CreateUsers (20150506014758)
  [1m[35m (0.3ms)[0m  begin transaction
  [1m[36m (1.7ms)[0m  [1mCREATE TABLE "users" ("id" INTEGER PRIMARY KEY AUTOINCREMENT NOT NULL, "nome" varchar(255), "email" varchar(255), "birth" varchar(255), "pwd" varchar(255), "created_at" datetime, "updated_at" datetime) [0m
  [1m[35mSQL (0.6ms)[0m  INSERT INTO "schema_migrations" ("version") VALUES (?)  [["version", "20150506014758"]]
  [1m[36m (6.3ms)[0m  [1mcommit transaction[0m
  [1m[35mActiveRecord::SchemaMigration Load (0.3ms)[0m  SELECT "schema_migrations".* FROM "schema_migrations"
